app/build/outputs/logs/manifest-merger-debug-report.txt
-- Merging decision tree log ---
manifest
ADDED from src/main/AndroidManifest.xml:2:1-36:12
INJECTED from src/main/AndroidManifest.xml:2:1-36:12
INJECTED from src/main/AndroidManifest.xml:2:1-36:12
INJECTED from src/main/AndroidManifest.xml:2:1-36:12
MERGED from [com.android.support:support-v4:22.2.1] AndroidManifest.xml:17:1-24:12
INJECTED from src/main/AndroidManifest.xml:2:1-36:12
INJECTED from src/main/AndroidManifest.xml:2:1-36:12
INJECTED from src/main/AndroidManifest.xml:2:1-36:12
	package
		ADDED from src/main/AndroidManifest.xml:3:5-38
		INJECTED from src/main/AndroidManifest.xml
		INJECTED from src/main/AndroidManifest.xml
	android:versionName
		ADDED from src/main/AndroidManifest.xml:5:5-30
		INJECTED from src/main/AndroidManifest.xml
		INJECTED from src/main/AndroidManifest.xml
	xmlns:android
		ADDED from src/main/AndroidManifest.xml:2:11-69
	android:versionCode
		ADDED from src/main/AndroidManifest.xml:4:5-28
		INJECTED from src/main/AndroidManifest.xml
		INJECTED from src/main/AndroidManifest.xml
uses-sdk
ADDED from src/main/AndroidManifest.xml:7:5-73
INJECTED from src/main/AndroidManifest.xml:7:5-73
INJECTED from src/main/AndroidManifest.xml:7:5-73
MERGED from [com.android.support:support-v4:22.2.1] AndroidManifest.xml:20:5-43
MERGED from [com.android.support:support-v4:22.2.1] AndroidManifest.xml:20:5-43
INJECTED from src/main/AndroidManifest.xml:7:5-73
INJECTED from src/main/AndroidManifest.xml:7:5-73
	android:targetSdkVersion
		ADDED from src/main/AndroidManifest.xml:7:42-71
		INJECTED from src/main/AndroidManifest.xml
		INJECTED from src/main/AndroidManifest.xml
	android:minSdkVersion
		ADDED from src/main/AndroidManifest.xml:7:15-41
		INJECTED from src/main/AndroidManifest.xml
		INJECTED from src/main/AndroidManifest.xml
uses-feature#android.hardware.nfc
ADDED from src/main/AndroidManifest.xml:8:3-79
	android:required
		ADDED from src/main/AndroidManifest.xml:8:53-76
	android:name
		ADDED from src/main/AndroidManifest.xml:8:17-52
uses-permission#android.permission.NFC
ADDED from src/main/AndroidManifest.xml:10:3-60
	android:name
		ADDED from src/main/AndroidManifest.xml:10:20-57
application
ADDED from src/main/AndroidManifest.xml:11:5-35:16
MERGED from [com.android.support:support-v4:22.2.1] AndroidManifest.xml:22:5-20
MERGED from [com.android.support:support-v4:22.2.1] AndroidManifest.xml:22:5-20
	android:label
		ADDED from src/main/AndroidManifest.xml:14:9-41
	android:icon
		ADDED from src/main/AndroidManifest.xml:13:9-45
	android:allowBackup
		ADDED from src/main/AndroidManifest.xml:12:9-35
	android:theme
		ADDED from src/main/AndroidManifest.xml:15:9-40
activity#org.mbds.android.tagnfc.UIActivity
ADDED from src/main/AndroidManifest.xml:16:9-24:20
	android:label
		ADDED from src/main/AndroidManifest.xml:19:13-45
	android:launchMode
		ADDED from src/main/AndroidManifest.xml:18:13-43
	android:name
		ADDED from src/main/AndroidManifest.xml:17:13-62
intent-filter#android.intent.action.MAIN+android.intent.category.LAUNCHER
ADDED from src/main/AndroidManifest.xml:20:13-23:29
action#android.intent.action.MAIN
ADDED from src/main/AndroidManifest.xml:21:17-69
	android:name
		ADDED from src/main/AndroidManifest.xml:21:25-66
category#android.intent.category.LAUNCHER
ADDED from src/main/AndroidManifest.xml:22:17-77
	android:name
		ADDED from src/main/AndroidManifest.xml:22:27-74
activity#org.mbds.android.tagnfc.NFCReadWriteActivity
ADDED from src/main/AndroidManifest.xml:25:9-34:19
	android:label
		ADDED from src/main/AndroidManifest.xml:28:13-45
	android:launchMode
		ADDED from src/main/AndroidManifest.xml:27:13-43
	android:name
		ADDED from src/main/AndroidManifest.xml:26:13-72
intent-filter#android.intent.category.DEFAULT+android.nfc.action.NDEF_DISCOVERED
ADDED from src/main/AndroidManifest.xml:29:9-33:25
action#android.nfc.action.NDEF_DISCOVERED
ADDED from src/main/AndroidManifest.xml:30:21-80
	android:name
		ADDED from src/main/AndroidManifest.xml:30:29-78
category#android.intent.category.DEFAULT
ADDED from src/main/AndroidManifest.xml:31:21-79
	android:name
		ADDED from src/main/AndroidManifest.xml:31:31-77
data
ADDED from src/main/AndroidManifest.xml:32:21-59
	android:mimeType
		ADDED from src/main/AndroidManifest.xml:32:27-56